20231119	20:07:10	0756b19e-5647-4e20-971f-f6cbad5e87d2	OPTIONS	/auth/login	http://localhost:5173
20231119	20:07:10	23267e95-1b82-43c2-8b77-bfeb4bd0c3b3	POST	/auth/login	http://localhost:5173
20231119	20:07:26	1d465aea-9ee6-4c62-accc-e9fa360a2a04	OPTIONS	/auth/login	http://localhost:5173
20231119	20:07:26	93998ee0-e0ea-48fd-aaa2-11c731d75c2b	POST	/auth/login	http://localhost:5173
20231119	20:08:44	989e5592-31ee-4bc4-9670-db8f1ce7123e	OPTIONS	/auth/login	http://localhost:5173
20231119	20:08:44	ea963e00-6577-4830-bc6a-0c4f3938f771	POST	/auth/login	http://localhost:5173
20231119	20:12:14	6d70895d-3a5a-420e-82b9-6669221c4e7a	OPTIONS	/auth/login	http://localhost:5173
20231119	20:12:14	d9cf7793-9e0e-4d9a-88ce-a0e9ebc9dadd	POST	/auth/login	http://localhost:5173
20231119	20:13:01	7fef02fb-577a-450c-9416-b52470d9a091	OPTIONS	/auth/login	http://localhost:5173
20231119	20:13:01	ff64c7d7-88cb-48a9-8032-df7f08cc1c06	POST	/auth/login	http://localhost:5173
20231119	20:13:10	d12099e0-31e8-41d7-9741-98a540c3a16f	OPTIONS	/auth/login	http://localhost:5173
20231119	20:13:10	1d650f8a-df04-455a-9705-03c38b733483	POST	/auth/login	http://localhost:5173
20231119	20:13:41	e0f9551c-4dcf-4e54-a013-75e8d9abd610	OPTIONS	/auth/login	http://localhost:5173
20231119	20:13:41	ab9bcfe2-0036-4003-86ea-394c394c8d9b	POST	/auth/login	http://localhost:5173
20231119	20:14:10	da4c9563-7033-4ac6-b008-a0b0f9cd769d	OPTIONS	/auth/login	http://localhost:5173
20231119	20:14:10	5070fd97-850b-451f-a056-48545cfc8dbf	POST	/auth/login	http://localhost:5173
20231119	20:19:38	34bd8b6b-255c-4b07-a05f-0733157c4773	OPTIONS	/auth/register	http://localhost:5173
20231119	20:19:38	9f8464f0-6bb9-400b-96e7-73928dd35322	POST	/auth/register	http://localhost:5173
20231119	20:21:01	3f115f0a-58ec-4c34-88ba-d4fe766d55ef	OPTIONS	/auth/login	http://localhost:5173
20231119	20:21:01	45d6b04a-f714-402e-b582-d0c40a020cc1	POST	/auth/login	http://localhost:5173
20231119	20:21:21	249090c8-746d-4468-b717-70019ca3af5b	OPTIONS	/auth/register	http://localhost:5173
20231119	20:21:21	59c6bf69-7348-4a78-87e8-eccf1eed0a2f	POST	/auth/register	http://localhost:5173
20231119	20:21:35	fe5adbd9-94cb-48c1-b9d8-60f05d61828f	OPTIONS	/auth/login	http://localhost:5173
20231119	20:21:35	90ee4737-6f8d-494e-ab06-0f0d00588279	POST	/auth/login	http://localhost:5173
20231126	21:13:29	0891c56d-df26-446d-aca7-e82c6cb42f27	OPTIONS	/auth/login	http://localhost:5173
20231126	21:13:29	89a79345-315a-4033-9c7b-4355e46f295d	POST	/auth/login	http://localhost:5173
20231126	21:21:35	8d034ae8-f4fc-4440-a513-021804c49f6e	GET	/showtime	undefined
20231126	21:22:22	1d57bde1-6988-4c91-9ea6-2c0b4419f3f3	GET	/showtime	undefined
20231126	21:24:21	2340f43c-4ebb-4414-90ee-57c985c98266	GET	/showtime	undefined
20231126	21:24:40	c0249e85-fd7e-41ef-b419-20b7cfbdcf02	GET	/showtime	undefined
20231126	21:24:58	d87ba892-3f1e-41cd-88de-183d1982147f	GET	/showtime	undefined
20231126	21:28:09	9f72c413-78de-484b-9e21-f1c2f96a05e4	GET	/showtime	undefined
20231127	09:36:11	d86fd337-87fc-4af0-a1db-5f67b08c8309	OPTIONS	/auth/login	http://localhost:5173
20231127	09:36:11	7324cbac-0900-4151-bb7b-f851c9f25289	POST	/auth/login	http://localhost:5173
20231127	09:38:38	c9bb4048-79f8-459d-bf08-b06a83039d15	OPTIONS	/auth/login	http://localhost:5173
20231127	09:38:38	88298f8c-83d0-4ef2-87e8-c083b7b1862c	POST	/auth/login	http://localhost:5173
20231127	09:44:54	f5c2d400-b095-4f39-8665-030c414ec63f	GET	/showtime	http://localhost:5173
20231127	09:48:12	81e5649e-ce09-48a6-9030-18a2ae11448a	GET	/showtime	http://localhost:5173
20231127	09:48:48	ce232af0-6042-4aee-ab7b-c54f14425538	GET	/showtime	http://localhost:5173
20231127	09:48:52	3af73158-ce9f-4de3-899d-95eb3562719a	GET	/showtime	http://localhost:5173
20231127	09:49:06	e1ea2300-f7ae-423c-8f82-3dce61c298c3	GET	/showtime	http://localhost:5173
20231127	09:50:35	057875ef-d00a-450b-aa34-243fc5586626	GET	/showtime	http://localhost:5173
20231127	09:50:59	692f7149-51b2-4f43-a0d7-c9aee615c8c2	GET	/showtime	http://localhost:5173
20231127	09:52:03	0c4bdaa5-2fb5-45f2-b433-2861ea47b1aa	GET	/showtime	http://localhost:5173
20231127	09:52:37	8bf39e36-6eb3-4733-8132-ee73ce8fed7d	GET	/showtime	http://localhost:5173
20231127	09:55:20	1a49b1bf-28c9-4283-877e-be25c9f18a0b	GET	/showtime	http://localhost:5173
20231127	09:57:27	28595016-b4bc-41cb-a15d-fada9f7c6365	GET	/showtime	http://localhost:5173
20231127	09:58:27	aee8b3a3-5496-48ed-b73e-2229241cfda7	GET	/showtime	http://localhost:5173
20231127	10:02:25	490eecee-488c-40e4-b69e-5029eda70f71	GET	/showtime	http://localhost:5173
20231127	10:02:35	2a1eee75-1ac9-4724-837c-b4c51ec99d4d	GET	/showtime	http://localhost:5173
20231127	10:07:35	187854cc-c6ec-4b56-8f8c-97b5dc2a69eb	GET	/showtime	http://localhost:5173
20231127	10:13:20	6280a506-52ba-425e-843e-41a0298d2e50	GET	/showtime	http://localhost:5173
20231127	10:51:57	aa1eda22-8c38-40df-ab41-20ec799a7ad2	GET	/showtime	http://localhost:5173
20231127	11:16:04	4628dc16-8f17-4f2d-93e1-7e5e98f3935e	GET	/showtime	http://localhost:5173
20231201	13:22:35	cc2fba0b-1a4a-48a5-820c-f1c5cb60dd9d	GET	/showtime	http://localhost:5173
20231201	13:22:37	6ae9dd6d-3777-42da-9b07-2402a087414d	GET	/showtime	http://localhost:5173
20231201	13:22:37	a5d11bcb-2989-40c1-a917-5a0582047e56	GET	/showtime	http://localhost:5173
20231201	13:22:37	49e58bf3-72fd-4770-beb2-b8d16574c49d	GET	/showtime	http://localhost:5173
20231201	13:22:37	a1d2f101-c0e9-4c0a-b419-2a2c37d0c31f	GET	/showtime	http://localhost:5173
20231201	13:22:37	d49e331b-1897-478f-8a83-58229237855e	GET	/showtime	http://localhost:5173
20231201	13:22:38	1a0d3b2d-931e-4fe6-a608-85c1e283576e	GET	/showtime	http://localhost:5173
20231201	13:22:38	b12b9671-4d4e-4aef-8ff0-77a2ca3ef272	GET	/showtime	http://localhost:5173
20231201	13:22:38	c3be9fd5-9529-4fa3-8349-73145363ae14	GET	/showtime	http://localhost:5173
20231201	13:22:40	0d9223a9-d7ab-4a50-afc8-42aa682281dc	GET	/showtime	http://localhost:5173
20231201	13:31:00	b065792c-f0ba-4e11-9c6a-dff122fd5285	GET	/showtime	http://localhost:5173
20231201	13:31:01	2687fa5f-6f05-49b8-8e48-08c23bb0c860	GET	/showtime	http://localhost:5173
20231201	13:31:45	2266109a-671a-4634-93a2-41bbffb7a8fb	GET	/showtime	http://localhost:5173
20231201	13:31:47	89e102f7-afc5-4c07-aed2-33deb43f8bc8	GET	/showtime	http://localhost:5173
20231201	13:31:54	d6c59916-fed6-4549-b4f1-803a861c6738	OPTIONS	/auth/login	http://localhost:5173
20231201	13:31:54	4f7c508d-feb8-4123-9d0f-7a359388fa11	POST	/auth/login	http://localhost:5173
20231201	13:31:54	fa84dbec-1faa-4371-aff9-e0da2b2d5639	GET	/showtime	http://localhost:5173
20231201	13:32:21	ad9f72ab-bff5-499a-ae67-f3d03520a8b5	GET	/showtime	undefined
20231201	13:33:14	b4f0bb34-84d0-4223-89b5-38beaf3444ac	GET	/showtime	http://localhost:5173
20231201	13:35:09	e360d8de-ed44-4fff-9cea-35c2176a8766	GET	/showtime	http://localhost:5173
20231201	13:35:53	320feaeb-258f-4f27-9622-723bc75f25cf	GET	/showtime	undefined
20231201	14:13:20	42ca5c38-ddfb-48e4-a414-4c1c293a9842	GET	/showtime	http://localhost:5173
20231201	14:14:07	a45e927e-4df6-4791-873b-e2d1a5afbbb1	GET	/showtime	http://localhost:5173
20231201	14:17:49	6b60e60f-e278-482d-89eb-90b68193e800	GET	/showtime	http://localhost:5173
20231201	14:21:09	c9aed544-6c94-4af3-993f-618ccaefd984	GET	/showtime	http://localhost:5173
20231201	14:21:12	c79f8885-162c-4967-bd2f-2688477c3e36	GET	/showtime	http://localhost:5173
20231201	14:21:59	ec7b0897-552b-473a-85cf-9ea73b0cc221	GET	/showtime	http://localhost:5173
20231201	14:22:03	76d6affe-4c06-45fa-946f-5b8c981d99e0	GET	/showtime	http://localhost:5173
20231201	14:22:13	06b2193d-4032-4263-a514-be7c04e882c3	GET	/showtime	http://localhost:5173
20231201	14:22:16	85c5b2f4-a52c-4f04-b5a7-b39066b640c6	GET	/showtime	http://localhost:5173
20231201	14:23:18	7014fec9-031b-494d-a49b-cfcab9c26712	GET	/showtime	http://localhost:5173
20231201	14:24:09	40a9111b-25fa-4e64-b492-06d56e7a09bc	GET	/showtime	http://localhost:5173
20231201	14:24:11	436bff13-58fe-4c34-a676-b5cbe687d461	GET	/showtime	http://localhost:5173
20231201	14:25:54	8c708395-165d-42fb-8465-baf4247e94fc	GET	/showtime	http://localhost:5173
20231201	14:25:58	d033f1f3-2876-4730-a723-c70f91faa362	GET	/showtime	http://localhost:5173
20231201	14:27:10	b02d4361-0f8d-44bc-be94-b25c89066d20	GET	/showtime	http://localhost:5173
20231201	14:28:40	25f5ab29-4ede-453b-be6e-f847e0981033	GET	/showtime	http://localhost:5173
20231201	14:28:58	59aafda3-fe6d-4519-87f1-a994c4873573	GET	/showtime	http://localhost:5173
20231201	14:28:58	2e69b5c8-e453-4ce3-b047-ae61f43554ce	GET	/showtime	http://localhost:5173
20231201	14:28:59	df3757c2-75ac-458d-a6fd-5c0b8d76eb23	GET	/showtime	http://localhost:5173
20231201	14:28:59	450b48cd-55e0-413f-bbf2-8d4ee7f8b11b	GET	/showtime	http://localhost:5173
20231201	14:28:59	7e0e96f5-3b42-4a38-b431-f9ab3558158c	GET	/showtime	http://localhost:5173
20231201	14:28:59	6bb38593-9587-4e1b-95e6-6ad2a570086f	GET	/showtime	http://localhost:5173
20231201	14:29:37	d733b728-b98c-4672-99a4-7631a33d0e5e	GET	/showtime	http://localhost:5173
